6.2s 1 /kaggle/input/data1030-optiver-trading-at-close/test_dataset.pkl
6.2s 2 /kaggle/input/data1030-optiver-trading-at-close/train_val_dataset.pkl
14.4s 3 
14.4s 4 Fold 1 Reduced Features:
14.4s 5 Train index: [     0      1      2 ... 743181 743182 743183] Val index: [ 743184  743185  743186 ... 1002231 1002232 1002233]
14.4s 6 Train size: 743184 Val size: 259050
21.4s 7 Preparing datasets...
89.0s 8 there are 3 unique missing value patterns.
89.0s 9 working on unique pattern 0
95.6s 10 params: {'random_state': 42, 'alpha': 0.01}
180.7s 11 val_score: 5.864886135817049
180.7s 12 params: {'random_state': 42, 'alpha': 0.016378937069540637}
225.9s 13 val_score: 5.863475188786026
225.9s 14 params: {'random_state': 42, 'alpha': 0.02682695795279726}
252.1s 15 val_score: 5.862385569110619
252.1s 16 params: {'random_state': 42, 'alpha': 0.043939705607607904}
266.8s 17 val_score: 5.860803881702747
266.8s 18 params: {'random_state': 42, 'alpha': 0.07196856730011521}
276.5s 19 val_score: 5.859857765453186
276.5s 20 params: {'random_state': 42, 'alpha': 0.11787686347935872}
281.7s 21 val_score: 5.85841840229215
281.7s 22 params: {'random_state': 42, 'alpha': 0.19306977288832497}
285.3s 23 val_score: 5.857890658944066
285.3s 24 params: {'random_state': 42, 'alpha': 0.31622776601683794}
287.9s 25 val_score: 5.861620021938667
287.9s 26 params: {'random_state': 42, 'alpha': 0.517947467923121}
290.2s 27 val_score: 5.879269026032278
290.2s 28 params: {'random_state': 42, 'alpha': 0.8483428982440717}
291.9s 29 val_score: 5.921345183441779
291.9s 30 params: {'random_state': 42, 'alpha': 1.3894954943731375}
293.2s 31 val_score: 5.977688215392453
293.2s 32 params: {'random_state': 42, 'alpha': 2.2758459260747887}
295.0s 33 val_score: 5.977688215392453
295.0s 34 params: {'random_state': 42, 'alpha': 3.727593720314938}
296.3s 35 val_score: 5.977688215392453
296.3s 36 params: {'random_state': 42, 'alpha': 6.105402296585327}
297.6s 37 val_score: 5.977688215392453
297.6s 38 params: {'random_state': 42, 'alpha': 10.0}
299.1s 39 val_score: 5.977688215392453
299.1s 40 best model parameters for pattern 0:
299.1s 41 [{'alpha': 0.19306977288832497, 'random_state': 42}]
299.1s 42 corresponding validation score: 5.857890658944066
303.1s 43 working on unique pattern 1
308.4s 44 params: {'random_state': 42, 'alpha': 0.01}
392.5s 45 val_score: 5.944368086472762
392.5s 46 params: {'random_state': 42, 'alpha': 0.016378937069540637}
457.1s 47 val_score: 5.943248457473965
457.1s 48 params: {'random_state': 42, 'alpha': 0.02682695795279726}
494.1s 49 val_score: 5.941857619251314
494.1s 50 params: {'random_state': 42, 'alpha': 0.043939705607607904}
514.5s 51 val_score: 5.940711133997975
514.5s 52 params: {'random_state': 42, 'alpha': 0.07196856730011521}
524.8s 53 val_score: 5.94046997541116
524.8s 54 params: {'random_state': 42, 'alpha': 0.11787686347935872}
529.8s 55 val_score: 5.93911901590864
529.8s 56 params: {'random_state': 42, 'alpha': 0.19306977288832497}
533.8s 57 val_score: 5.939202477321735
533.8s 58 params: {'random_state': 42, 'alpha': 0.31622776601683794}
536.2s 59 val_score: 5.944289574174194
536.2s 60 params: {'random_state': 42, 'alpha': 0.517947467923121}
538.5s 61 val_score: 5.963238643233673
538.5s 62 params: {'random_state': 42, 'alpha': 0.8483428982440717}
540.3s 63 val_score: 6.003023726280004
540.3s 64 params: {'random_state': 42, 'alpha': 1.3894954943731375}
542.0s 65 val_score: 6.06033688102271
542.0s 66 params: {'random_state': 42, 'alpha': 2.2758459260747887}
543.6s 67 val_score: 6.06033688102271
543.6s 68 params: {'random_state': 42, 'alpha': 3.727593720314938}
545.2s 69 val_score: 6.06033688102271
545.2s 70 params: {'random_state': 42, 'alpha': 6.105402296585327}
546.8s 71 val_score: 6.06033688102271
546.8s 72 params: {'random_state': 42, 'alpha': 10.0}
548.5s 73 val_score: 6.06033688102271
548.5s 74 best model parameters for pattern 1:
548.5s 75 [{'alpha': 0.11787686347935872, 'random_state': 42}]
548.5s 76 corresponding validation score: 5.93911901590864
553.7s 77 working on unique pattern 2
561.2s 78 params: {'random_state': 42, 'alpha': 0.01}
610.2s 79 val_score: 6.551405067260188
610.2s 80 params: {'random_state': 42, 'alpha': 0.016378937069540637}
639.0s 81 val_score: 6.550448894328561
639.0s 82 params: {'random_state': 42, 'alpha': 0.02682695795279726}
656.8s 83 val_score: 6.549738112411968
656.8s 84 params: {'random_state': 42, 'alpha': 0.043939705607607904}
669.4s 85 val_score: 6.549060995777827
669.4s 86 params: {'random_state': 42, 'alpha': 0.07196856730011521}
677.3s 87 val_score: 6.548842716238223
677.3s 88 params: {'random_state': 42, 'alpha': 0.11787686347935872}
683.4s 89 val_score: 6.54904198279738
683.4s 90 params: {'random_state': 42, 'alpha': 0.19306977288832497}
688.7s 91 val_score: 6.551428501421536
688.7s 92 params: {'random_state': 42, 'alpha': 0.31622776601683794}
693.9s 93 val_score: 6.558910951809437
693.9s 94 params: {'random_state': 42, 'alpha': 0.517947467923121}
698.1s 95 val_score: 6.57182587300003
698.1s 96 params: {'random_state': 42, 'alpha': 0.8483428982440717}
701.7s 97 val_score: 6.604226211242897
701.7s 98 params: {'random_state': 42, 'alpha': 1.3894954943731375}
704.8s 99 val_score: 6.676300095215629
704.8s 100 params: {'random_state': 42, 'alpha': 2.2758459260747887}
707.7s 101 val_score: 6.694922062454239
707.7s 102 params: {'random_state': 42, 'alpha': 3.727593720314938}
711.2s 103 val_score: 6.694922062454239
711.2s 104 params: {'random_state': 42, 'alpha': 6.105402296585327}
714.8s 105 val_score: 6.694922062454239
714.8s 106 params: {'random_state': 42, 'alpha': 10.0}
718.2s 107 val_score: 6.694922062454239
718.2s 108 best model parameters for pattern 2:
718.2s 109 [{'alpha': 0.07196856730011521, 'random_state': 42}]
718.2s 110 corresponding validation score: 6.548842716238223
727.6s 111 test MAE: 6.735454201267097
727.6s 112 
727.6s 113 Fold 2 Reduced Features:
727.6s 114 Train index: [ 10505  10506  10507 ... 753961 753962 753963] Val index: [ 753964  753965  753966 ... 1013066 1013067 1013068]
727.6s 115 Train size: 743459 Val size: 259105
734.9s 116 Preparing datasets...
804.7s 117 there are 3 unique missing value patterns.
804.7s 118 working on unique pattern 0
812.5s 119 params: {'random_state': 42, 'alpha': 0.01}
906.0s 120 val_score: 5.948085984553517
906.0s 121 params: {'random_state': 42, 'alpha': 0.016378937069540637}
957.6s 122 val_score: 5.946464594774447
957.6s 123 params: {'random_state': 42, 'alpha': 0.02682695795279726}
988.0s 124 val_score: 5.945314384583836
988.0s 125 params: {'random_state': 42, 'alpha': 0.043939705607607904}
1007.8s 126 val_score: 5.943721537413524
1007.8s 127 params: {'random_state': 42, 'alpha': 0.07196856730011521}
1019.8s 128 val_score: 5.942833081329148
1019.8s 129 params: {'random_state': 42, 'alpha': 0.11787686347935872}
1025.6s 130 val_score: 5.941123624145445
1025.6s 131 params: {'random_state': 42, 'alpha': 0.19306977288832497}
1030.0s 132 val_score: 5.940430111931641
1030.0s 133 params: {'random_state': 42, 'alpha': 0.31622776601683794}
1032.9s 134 val_score: 5.943577050797058
1032.9s 135 params: {'random_state': 42, 'alpha': 0.517947467923121}
1035.3s 136 val_score: 5.960598768720269
1035.3s 137 params: {'random_state': 42, 'alpha': 0.8483428982440717}
1037.4s 138 val_score: 6.002541972183774
1037.4s 139 params: {'random_state': 42, 'alpha': 1.3894954943731375}
1039.3s 140 val_score: 6.059224937145593
1039.3s 141 params: {'random_state': 42, 'alpha': 2.2758459260747887}
1040.9s 142 val_score: 6.059224937145593
1040.9s 143 params: {'random_state': 42, 'alpha': 3.727593720314938}
1043.0s 144 val_score: 6.059224937145593
1043.0s 145 params: {'random_state': 42, 'alpha': 6.105402296585327}
1044.7s 146 val_score: 6.059224937145593
1044.7s 147 params: {'random_state': 42, 'alpha': 10.0}
1046.3s 148 val_score: 6.059224937145593
1046.3s 149 best model parameters for pattern 0:
1046.3s 150 [{'alpha': 0.19306977288832497, 'random_state': 42}]
1046.3s 151 corresponding validation score: 5.940430111931641
1050.9s 152 working on unique pattern 1
1058.2s 153 params: {'random_state': 42, 'alpha': 0.01}
1155.6s 154 val_score: 6.019325225152603
1155.6s 155 params: {'random_state': 42, 'alpha': 0.016378937069540637}
1227.1s 156 val_score: 6.017987951475233
1227.1s 157 params: {'random_state': 42, 'alpha': 0.02682695795279726}
1267.1s 158 val_score: 6.016552616978525
1267.1s 159 params: {'random_state': 42, 'alpha': 0.043939705607607904}
1289.6s 160 val_score: 6.015120659260409
1289.6s 161 params: {'random_state': 42, 'alpha': 0.07196856730011521}
1300.8s 162 val_score: 6.0147126411657545
1300.8s 163 params: {'random_state': 42, 'alpha': 0.11787686347935872}
1307.1s 164 val_score: 6.013279604861789
1307.1s 165 params: {'random_state': 42, 'alpha': 0.19306977288832497}
1310.6s 166 val_score: 6.013217413068296
1310.6s 167 params: {'random_state': 42, 'alpha': 0.31622776601683794}
1312.9s 168 val_score: 6.017886787473645
1312.9s 169 params: {'random_state': 42, 'alpha': 0.517947467923121}
1315.6s 170 val_score: 6.036433987951739
1315.6s 171 params: {'random_state': 42, 'alpha': 0.8483428982440717}
1317.3s 172 val_score: 6.076269133686678
1317.3s 173 params: {'random_state': 42, 'alpha': 1.3894954943731375}
1318.8s 174 val_score: 6.1339752635660085
1318.8s 175 params: {'random_state': 42, 'alpha': 2.2758459260747887}
1320.3s 176 val_score: 6.1339752635660085
1320.3s 177 params: {'random_state': 42, 'alpha': 3.727593720314938}
1322.1s 178 val_score: 6.1339752635660085
1322.1s 179 params: {'random_state': 42, 'alpha': 6.105402296585327}
1323.5s 180 val_score: 6.1339752635660085
1323.5s 181 params: {'random_state': 42, 'alpha': 10.0}
1325.0s 182 val_score: 6.1339752635660085
1325.0s 183 best model parameters for pattern 1:
1325.0s 184 [{'alpha': 0.19306977288832497, 'random_state': 42}]
1325.0s 185 corresponding validation score: 6.013217413068296
1328.2s 186 working on unique pattern 2
1336.7s 187 params: {'random_state': 42, 'alpha': 0.01}
1388.3s 188 val_score: 6.658639462980171
1388.3s 189 params: {'random_state': 42, 'alpha': 0.016378937069540637}
1420.2s 190 val_score: 6.657787407184332
1420.2s 191 params: {'random_state': 42, 'alpha': 0.02682695795279726}
1440.2s 192 val_score: 6.657108977242308
1440.2s 193 params: {'random_state': 42, 'alpha': 0.043939705607607904}
1452.3s 194 val_score: 6.656452418939563
1452.3s 195 params: {'random_state': 42, 'alpha': 0.07196856730011521}
1460.3s 196 val_score: 6.6562866029270085
1460.3s 197 params: {'random_state': 42, 'alpha': 0.11787686347935872}
1468.0s 198 val_score: 6.656562906415224
1468.0s 199 params: {'random_state': 42, 'alpha': 0.19306977288832497}
1473.0s 200 val_score: 6.658969344855546
1473.0s 201 params: {'random_state': 42, 'alpha': 0.31622776601683794}
1477.4s 202 val_score: 6.666691175580025
1477.4s 203 params: {'random_state': 42, 'alpha': 0.517947467923121}
1482.2s 204 val_score: 6.680024766029585
1482.2s 205 params: {'random_state': 42, 'alpha': 0.8483428982440717}
1485.9s 206 val_score: 6.712968099263663
1485.9s 207 params: {'random_state': 42, 'alpha': 1.3894954943731375}
1488.9s 208 val_score: 6.786290129475295
1488.9s 209 params: {'random_state': 42, 'alpha': 2.2758459260747887}
1492.2s 210 val_score: 6.805211800321354
1492.2s 211 params: {'random_state': 42, 'alpha': 3.727593720314938}
1495.0s 212 val_score: 6.805211800321354
1495.0s 213 params: {'random_state': 42, 'alpha': 6.105402296585327}
1498.6s 214 val_score: 6.805211800321354
1498.6s 215 params: {'random_state': 42, 'alpha': 10.0}
1502.0s 216 val_score: 6.805211800321354
1502.0s 217 best model parameters for pattern 2:
1502.0s 218 [{'alpha': 0.07196856730011521, 'random_state': 42}]
1502.0s 219 corresponding validation score: 6.6562866029270085
1510.3s 220 test MAE: 6.735362398635628
1510.3s 221 
1510.3s 222 Fold 3 Reduced Features:
1510.3s 223 Train index: [ 21010  21011  21012 ... 764741 764742 764743] Val index: [ 764744  764745  764746 ... 1023901 1023902 1023903]
1510.3s 224 Train size: 743734 Val size: 259160
1517.2s 225 Preparing datasets...
1585.9s 226 there are 3 unique missing value patterns.
1585.9s 227 working on unique pattern 0
1595.2s 228 params: {'random_state': 42, 'alpha': 0.01}
1686.0s 229 val_score: 5.995370287272097
1686.0s 230 params: {'random_state': 42, 'alpha': 0.016378937069540637}
1735.2s 231 val_score: 5.99394647151912
1735.2s 232 params: {'random_state': 42, 'alpha': 0.02682695795279726}
1763.5s 233 val_score: 5.99291461681734
1763.5s 234 params: {'random_state': 42, 'alpha': 0.043939705607607904}
1779.2s 235 val_score: 5.9912724034268905
1779.2s 236 params: {'random_state': 42, 'alpha': 0.07196856730011521}
1789.1s 237 val_score: 5.9906505301488995
1789.1s 238 params: {'random_state': 42, 'alpha': 0.11787686347935872}
1794.8s 239 val_score: 5.9895740656683785
1794.8s 240 params: {'random_state': 42, 'alpha': 0.19306977288832497}
1798.2s 241 val_score: 5.989236016289774
1798.2s 242 params: {'random_state': 42, 'alpha': 0.31622776601683794}
1800.5s 243 val_score: 5.9927486097008345
1800.5s 244 params: {'random_state': 42, 'alpha': 0.517947467923121}
1802.8s 245 val_score: 6.010607414610524
1802.8s 246 params: {'random_state': 42, 'alpha': 0.8483428982440717}
1804.4s 247 val_score: 6.055017755157782
1804.4s 248 params: {'random_state': 42, 'alpha': 1.3894954943731375}
1806.1s 249 val_score: 6.112245011194506
1806.1s 250 params: {'random_state': 42, 'alpha': 2.2758459260747887}
1807.9s 251 val_score: 6.112245011194506
1807.9s 252 params: {'random_state': 42, 'alpha': 3.727593720314938}
1809.4s 253 val_score: 6.112245011194506
1809.4s 254 params: {'random_state': 42, 'alpha': 6.105402296585327}
1811.2s 255 val_score: 6.112245011194506
1811.2s 256 params: {'random_state': 42, 'alpha': 10.0}
1812.6s 257 val_score: 6.112245011194506
1812.6s 258 best model parameters for pattern 0:
1812.6s 259 [{'alpha': 0.19306977288832497, 'random_state': 42}]
1812.6s 260 corresponding validation score: 5.989236016289774
1818.0s 261 working on unique pattern 1
1825.4s 262 params: {'random_state': 42, 'alpha': 0.01}
1916.9s 263 val_score: 6.06979203343976
1916.9s 264 params: {'random_state': 42, 'alpha': 0.016378937069540637}
1993.2s 265 val_score: 6.068349266873581
1993.2s 266 params: {'random_state': 42, 'alpha': 0.02682695795279726}
2038.4s 267 val_score: 6.067125693193723
2038.4s 268 params: {'random_state': 42, 'alpha': 0.043939705607607904}
2063.9s 269 val_score: 6.065900753801745
2063.9s 270 params: {'random_state': 42, 'alpha': 0.07196856730011521}
2076.8s 271 val_score: 6.065355715544544
2076.8s 272 params: {'random_state': 42, 'alpha': 0.11787686347935872}
2082.5s 273 val_score: 6.064682384083004
2082.5s 274 params: {'random_state': 42, 'alpha': 0.19306977288832497}
2085.8s 275 val_score: 6.0649670073422
2085.8s 276 params: {'random_state': 42, 'alpha': 0.31622776601683794}
2088.2s 277 val_score: 6.069900107164385
2088.2s 278 params: {'random_state': 42, 'alpha': 0.517947467923121}
2090.7s 279 val_score: 6.089163188492109
2090.7s 280 params: {'random_state': 42, 'alpha': 0.8483428982440717}
2092.6s 281 val_score: 6.1308822553481415
2092.6s 282 params: {'random_state': 42, 'alpha': 1.3894954943731375}
2094.5s 283 val_score: 6.188884619331092
2094.5s 284 params: {'random_state': 42, 'alpha': 2.2758459260747887}
2096.2s 285 val_score: 6.188884619331092
2096.2s 286 params: {'random_state': 42, 'alpha': 3.727593720314938}
2097.8s 287 val_score: 6.188884619331092
2097.8s 288 params: {'random_state': 42, 'alpha': 6.105402296585327}
2099.4s 289 val_score: 6.188884619331092
2099.4s 290 params: {'random_state': 42, 'alpha': 10.0}
2101.0s 291 val_score: 6.188884619331092
2101.0s 292 best model parameters for pattern 1:
2101.0s 293 [{'alpha': 0.11787686347935872, 'random_state': 42}]
2101.0s 294 corresponding validation score: 6.064682384083004
2108.7s 295 working on unique pattern 2
2119.1s 296 params: {'random_state': 42, 'alpha': 0.01}
2177.6s 297 val_score: 6.727185914727919
2177.6s 298 params: {'random_state': 42, 'alpha': 0.016378937069540637}
2212.0s 299 val_score: 6.726411147213119
2212.0s 300 params: {'random_state': 42, 'alpha': 0.02682695795279726}
2232.8s 301 val_score: 6.725685252041704
2232.8s 302 params: {'random_state': 42, 'alpha': 0.043939705607607904}
2247.7s 303 val_score: 6.725042718736879
2247.7s 304 params: {'random_state': 42, 'alpha': 0.07196856730011521}
2257.0s 305 val_score: 6.724868802011661
2257.0s 306 params: {'random_state': 42, 'alpha': 0.11787686347935872}
2264.3s 307 val_score: 6.725267438007431
2264.3s 308 params: {'random_state': 42, 'alpha': 0.19306977288832497}
2270.9s 309 val_score: 6.727638402200571
2270.9s 310 params: {'random_state': 42, 'alpha': 0.31622776601683794}
2276.0s 311 val_score: 6.735457710233325
2276.0s 312 params: {'random_state': 42, 'alpha': 0.517947467923121}
2281.5s 313 val_score: 6.748827189102113
2281.5s 314 params: {'random_state': 42, 'alpha': 0.8483428982440717}
2285.7s 315 val_score: 6.782716826034121
2285.7s 316 params: {'random_state': 42, 'alpha': 1.3894954943731375}
2289.3s 317 val_score: 6.857840818452952
2289.3s 318 params: {'random_state': 42, 'alpha': 2.2758459260747887}
2293.0s 319 val_score: 6.877051530208568
2293.0s 320 params: {'random_state': 42, 'alpha': 3.727593720314938}
2296.4s 321 val_score: 6.877051530208568
2296.4s 322 params: {'random_state': 42, 'alpha': 6.105402296585327}
2299.9s 323 val_score: 6.877051530208568
2299.9s 324 params: {'random_state': 42, 'alpha': 10.0}
2303.5s 325 val_score: 6.877051530208568
2303.5s 326 best model parameters for pattern 2:
2303.5s 327 [{'alpha': 0.07196856730011521, 'random_state': 42}]
2303.5s 328 corresponding validation score: 6.724868802011661
2312.4s 329 test MAE: 6.735419761949699
2312.4s 330 
2312.4s 331 Fold 4 Reduced Features:
2312.4s 332 Train index: [ 31515  31516  31517 ... 775521 775522 775523] Val index: [ 775524  775525  775526 ... 1034736 1034737 1034738]
2312.4s 333 Train size: 744009 Val size: 259215
2319.2s 334 Preparing datasets...
2388.9s 335 there are 3 unique missing value patterns.
2388.9s 336 working on unique pattern 0
2398.5s 337 params: {'random_state': 42, 'alpha': 0.01}
2494.5s 338 val_score: 6.188891474610617
2494.5s 339 params: {'random_state': 42, 'alpha': 0.016378937069540637}
2547.5s 340 val_score: 6.1883096352209845
2547.5s 341 params: {'random_state': 42, 'alpha': 0.02682695795279726}
2576.2s 342 val_score: 6.187627231652742
2576.2s 343 params: {'random_state': 42, 'alpha': 0.043939705607607904}
2592.8s 344 val_score: 6.18689852426776
2592.8s 345 params: {'random_state': 42, 'alpha': 0.07196856730011521}
2601.8s 346 val_score: 6.186798559290012
2601.8s 347 params: {'random_state': 42, 'alpha': 0.11787686347935872}
2607.6s 348 val_score: 6.185574650382593
2607.6s 349 params: {'random_state': 42, 'alpha': 0.19306977288832497}
2611.6s 350 val_score: 6.185554660394087
2611.6s 351 params: {'random_state': 42, 'alpha': 0.31622776601683794}
2614.2s 352 val_score: 6.189823448740156
2614.2s 353 params: {'random_state': 42, 'alpha': 0.517947467923121}
2616.7s 354 val_score: 6.209462469634244
2616.7s 355 params: {'random_state': 42, 'alpha': 0.8483428982440717}
2618.6s 356 val_score: 6.255666059817823
2618.6s 357 params: {'random_state': 42, 'alpha': 1.3894954943731375}
2620.5s 358 val_score: 6.313939790585161
2620.5s 359 params: {'random_state': 42, 'alpha': 2.2758459260747887}
2622.3s 360 val_score: 6.313939790585161
2622.3s 361 params: {'random_state': 42, 'alpha': 3.727593720314938}
2624.0s 362 val_score: 6.313939790585161
2624.0s 363 params: {'random_state': 42, 'alpha': 6.105402296585327}
2625.5s 364 val_score: 6.313939790585161
2625.5s 365 params: {'random_state': 42, 'alpha': 10.0}
2627.2s 366 val_score: 6.313939790585161
2627.2s 367 best model parameters for pattern 0:
2627.2s 368 [{'alpha': 0.19306977288832497, 'random_state': 42}]
2627.2s 369 corresponding validation score: 6.185554660394087
2632.0s 370 working on unique pattern 1
2640.1s 371 params: {'random_state': 42, 'alpha': 0.01}
2741.0s 372 val_score: 6.25837900024319
2741.0s 373 params: {'random_state': 42, 'alpha': 0.016378937069540637}
2810.1s 374 val_score: 6.257123203376315
2810.1s 375 params: {'random_state': 42, 'alpha': 0.02682695795279726}
2849.6s 376 val_score: 6.256969951682915
2849.6s 377 params: {'random_state': 42, 'alpha': 0.043939705607607904}
2870.2s 378 val_score: 6.256802116239126
2870.2s 379 params: {'random_state': 42, 'alpha': 0.07196856730011521}
2881.8s 380 val_score: 6.256375978459103
2881.8s 381 params: {'random_state': 42, 'alpha': 0.11787686347935872}
2886.9s 382 val_score: 6.255728622651247
2886.9s 383 params: {'random_state': 42, 'alpha': 0.19306977288832497}
2890.0s 384 val_score: 6.256437455011849
2890.0s 385 params: {'random_state': 42, 'alpha': 0.31622776601683794}
2892.3s 386 val_score: 6.2622417959586745
2892.3s 387 params: {'random_state': 42, 'alpha': 0.517947467923121}
2894.7s 388 val_score: 6.283388361180987
2894.7s 389 params: {'random_state': 42, 'alpha': 0.8483428982440717}
2896.3s 390 val_score: 6.326406017780452
2896.3s 391 params: {'random_state': 42, 'alpha': 1.3894954943731375}
2897.8s 392 val_score: 6.385550299764982
2897.8s 393 params: {'random_state': 42, 'alpha': 2.2758459260747887}
2899.4s 394 val_score: 6.385550299764982
2899.4s 395 params: {'random_state': 42, 'alpha': 3.727593720314938}
2900.9s 396 val_score: 6.385550299764982
2900.9s 397 params: {'random_state': 42, 'alpha': 6.105402296585327}
2902.6s 398 val_score: 6.385550299764982
2902.6s 399 params: {'random_state': 42, 'alpha': 10.0}
2904.2s 400 val_score: 6.385550299764982
2904.2s 401 best model parameters for pattern 1:
2904.2s 402 [{'alpha': 0.11787686347935872, 'random_state': 42}]
2904.2s 403 corresponding validation score: 6.255728622651247
2909.5s 404 working on unique pattern 2
2919.8s 405 params: {'random_state': 42, 'alpha': 0.01}
2969.5s 406 val_score: 7.059890574739602
2969.5s 407 params: {'random_state': 42, 'alpha': 0.016378937069540637}
2998.9s 408 val_score: 7.059226828593505
2998.9s 409 params: {'random_state': 42, 'alpha': 0.02682695795279726}
3017.8s 410 val_score: 7.058531686001225
3017.8s 411 params: {'random_state': 42, 'alpha': 0.043939705607607904}
3029.4s 412 val_score: 7.05816505298159
3029.4s 413 params: {'random_state': 42, 'alpha': 0.07196856730011521}
3037.9s 414 val_score: 7.058022197953933
3037.9s 415 params: {'random_state': 42, 'alpha': 0.11787686347935872}
3044.2s 416 val_score: 7.058333445776023
3044.2s 417 params: {'random_state': 42, 'alpha': 0.19306977288832497}
3049.5s 418 val_score: 7.060838959071054
3049.5s 419 params: {'random_state': 42, 'alpha': 0.31622776601683794}
3054.2s 420 val_score: 7.069032525447629
3054.2s 421 params: {'random_state': 42, 'alpha': 0.517947467923121}
3058.9s 422 val_score: 7.082700674291963
3058.9s 423 params: {'random_state': 42, 'alpha': 0.8483428982440717}
3062.8s 424 val_score: 7.117378833985064
3062.8s 425 params: {'random_state': 42, 'alpha': 1.3894954943731375}
3066.4s 426 val_score: 7.19454194825484
3066.4s 427 params: {'random_state': 42, 'alpha': 2.2758459260747887}
3069.9s 428 val_score: 7.214526186020682
3069.9s 429 params: {'random_state': 42, 'alpha': 3.727593720314938}
3073.3s 430 val_score: 7.214526186020682
3073.3s 431 params: {'random_state': 42, 'alpha': 6.105402296585327}
3076.6s 432 val_score: 7.214526186020682
3076.6s 433 params: {'random_state': 42, 'alpha': 10.0}
3079.9s 434 val_score: 7.214526186020682
3079.9s 435 best model parameters for pattern 2:
3079.9s 436 [{'alpha': 0.07196856730011521, 'random_state': 42}]
3079.9s 437 corresponding validation score: 7.058022197953933
3087.9s 438 test MAE: 6.735314347824146
3087.9s 439 overall test mean: 6.735387677419143
3087.9s 440 overall test std: 5.355157758185661e-05
3087.9s 441 
3087.9s 442 LASSO reduced features model running time: 3073.890172958374
3088.4s 443 
3088.4s 444 Fold 1 Reduced Features:
3088.4s 445 Train index: [     0      1      2 ... 743181 743182 743183] Val index: [ 743184  743185  743186 ... 1002231 1002232 1002233]
3088.4s 446 Train size: 743184 Val size: 259050
3095.4s 447 Preparing datasets...
3163.4s 448 there are 3 unique missing value patterns.
3163.4s 449 working on unique pattern 0
3173.1s 450 params: {'random_state': 42, 'alpha': 0.01}
3175.0s 451 val_score: 5.873671278218968
3175.0s 452 params: {'random_state': 42, 'alpha': 0.016378937069540637}
3176.8s 453 val_score: 5.8735957993408086
3176.8s 454 params: {'random_state': 42, 'alpha': 0.02682695795279726}
3178.5s 455 val_score: 5.8735051242526835
3178.5s 456 params: {'random_state': 42, 'alpha': 0.043939705607607904}
3180.5s 457 val_score: 5.87339838578866
3180.5s 458 params: {'random_state': 42, 'alpha': 0.07196856730011521}
3182.3s 459 val_score: 5.873276855838279
3182.3s 460 params: {'random_state': 42, 'alpha': 0.11787686347935872}
3184.3s 461 val_score: 5.87313838914267
3184.3s 462 params: {'random_state': 42, 'alpha': 0.19306977288832497}
3186.2s 463 val_score: 5.872976536159286
3186.2s 464 params: {'random_state': 42, 'alpha': 0.31622776601683794}
3188.0s 465 val_score: 5.872793379349514
3188.0s 466 params: {'random_state': 42, 'alpha': 0.517947467923121}
3189.7s 467 val_score: 5.87260546453922
3189.7s 468 params: {'random_state': 42, 'alpha': 0.8483428982440717}
3191.8s 469 val_score: 5.872453707817096
3191.8s 470 params: {'random_state': 42, 'alpha': 1.3894954943731375}
3193.5s 471 val_score: 5.87241970043966
3193.5s 472 params: {'random_state': 42, 'alpha': 2.2758459260747887}
3195.6s 473 val_score: 5.872641056186256
3195.6s 474 params: {'random_state': 42, 'alpha': 3.727593720314938}
3197.5s 475 val_score: 5.873072017587642
3197.5s 476 params: {'random_state': 42, 'alpha': 6.105402296585327}
3199.4s 477 val_score: 5.873719753991845
3199.4s 478 params: {'random_state': 42, 'alpha': 10.0}
3201.4s 479 val_score: 5.87444611761189
3201.4s 480 best model parameters for pattern 0:
3201.4s 481 [{'alpha': 1.3894954943731375, 'random_state': 42}]
3201.4s 482 corresponding validation score: 5.87241970043966
3203.9s 483 working on unique pattern 1
3211.9s 484 params: {'random_state': 42, 'alpha': 0.01}
3213.7s 485 val_score: 5.956764761183625
3213.7s 486 params: {'random_state': 42, 'alpha': 0.016378937069540637}
3215.4s 487 val_score: 5.956743806393027
3215.4s 488 params: {'random_state': 42, 'alpha': 0.02682695795279726}
3217.3s 489 val_score: 5.956715947720343
3217.3s 490 params: {'random_state': 42, 'alpha': 0.043939705607607904}
3219.2s 491 val_score: 5.956681733721152
3219.2s 492 params: {'random_state': 42, 'alpha': 0.07196856730011521}
3221.1s 493 val_score: 5.956645984862087
3221.1s 494 params: {'random_state': 42, 'alpha': 0.11787686347935872}
3223.0s 495 val_score: 5.956613562009902
3223.0s 496 params: {'random_state': 42, 'alpha': 0.19306977288832497}
3224.9s 497 val_score: 5.956588130227311
3224.9s 498 params: {'random_state': 42, 'alpha': 0.31622776601683794}
3226.8s 499 val_score: 5.956571265799934
3226.8s 500 params: {'random_state': 42, 'alpha': 0.517947467923121}
3228.9s 501 val_score: 5.956562619217881
3228.9s 502 params: {'random_state': 42, 'alpha': 0.8483428982440717}
3230.8s 503 val_score: 5.956564780415067
3230.8s 504 params: {'random_state': 42, 'alpha': 1.3894954943731375}
3232.7s 505 val_score: 5.956585893406218
3232.7s 506 params: {'random_state': 42, 'alpha': 2.2758459260747887}
3234.6s 507 val_score: 5.95664751030526
3234.6s 508 params: {'random_state': 42, 'alpha': 3.727593720314938}
3236.4s 509 val_score: 5.956764330881772
3236.4s 510 params: {'random_state': 42, 'alpha': 6.105402296585327}
3238.4s 511 val_score: 5.956936899032756
3238.4s 512 params: {'random_state': 42, 'alpha': 10.0}
3240.2s 513 val_score: 5.957113192298402
3240.2s 514 best model parameters for pattern 1:
3240.2s 515 [{'alpha': 0.517947467923121, 'random_state': 42}]
3240.2s 516 corresponding validation score: 5.956562619217881
3242.1s 517 working on unique pattern 2
3251.9s 518 params: {'random_state': 42, 'alpha': 0.01}
3255.7s 519 val_score: 6.55618358796161
3255.7s 520 params: {'random_state': 42, 'alpha': 0.016378937069540637}
3260.1s 521 val_score: 6.5561798747654825
3260.1s 522 params: {'random_state': 42, 'alpha': 0.02682695795279726}
3263.9s 523 val_score: 6.556177688599034
3263.9s 524 params: {'random_state': 42, 'alpha': 0.043939705607607904}
3267.8s 525 val_score: 6.556175366105581
3267.8s 526 params: {'random_state': 42, 'alpha': 0.07196856730011521}
3271.6s 527 val_score: 6.5561731541983805
3271.6s 528 params: {'random_state': 42, 'alpha': 0.11787686347935872}
3275.6s 529 val_score: 6.556174415394606
3275.6s 530 params: {'random_state': 42, 'alpha': 0.19306977288832497}
3279.5s 531 val_score: 6.5561780154333835
3279.5s 532 params: {'random_state': 42, 'alpha': 0.31622776601683794}
3283.4s 533 val_score: 6.556188385756001
3283.4s 534 params: {'random_state': 42, 'alpha': 0.517947467923121}
3287.2s 535 val_score: 6.556210734556861
3287.2s 536 params: {'random_state': 42, 'alpha': 0.8483428982440717}
3291.8s 537 val_score: 6.556250790524025
3291.8s 538 params: {'random_state': 42, 'alpha': 1.3894954943731375}
3295.4s 539 val_score: 6.556316891781813
3295.4s 540 params: {'random_state': 42, 'alpha': 2.2758459260747887}
3299.0s 541 val_score: 6.556420505826257
3299.0s 542 params: {'random_state': 42, 'alpha': 3.727593720314938}
3302.7s 543 val_score: 6.556573927761908
3302.7s 544 params: {'random_state': 42, 'alpha': 6.105402296585327}
3306.4s 545 val_score: 6.556799742771577
3306.4s 546 params: {'random_state': 42, 'alpha': 10.0}
3309.9s 547 val_score: 6.557069175371352
3309.9s 548 best model parameters for pattern 2:
3309.9s 549 [{'alpha': 0.07196856730011521, 'random_state': 42}]
3309.9s 550 corresponding validation score: 6.5561731541983805
3313.7s 551 test MAE: 6.7569192397690925
3313.7s 552 
3313.7s 553 Fold 2 Reduced Features:
3313.7s 554 Train index: [ 10505  10506  10507 ... 753961 753962 753963] Val index: [ 753964  753965  753966 ... 1013066 1013067 1013068]
3313.7s 555 Train size: 743459 Val size: 259105
3320.8s 556 Preparing datasets...
3389.2s 557 there are 3 unique missing value patterns.
3389.2s 558 working on unique pattern 0
3399.0s 559 params: {'random_state': 42, 'alpha': 0.01}
3400.8s 560 val_score: 5.955746375496882
3400.8s 561 params: {'random_state': 42, 'alpha': 0.016378937069540637}
3402.6s 562 val_score: 5.955667968366815
3402.6s 563 params: {'random_state': 42, 'alpha': 0.02682695795279726}
3404.5s 564 val_score: 5.955573481186564
3404.5s 565 params: {'random_state': 42, 'alpha': 0.043939705607607904}
3406.3s 566 val_score: 5.955462171438039
3406.3s 567 params: {'random_state': 42, 'alpha': 0.07196856730011521}
3408.2s 568 val_score: 5.955331748009228
3408.2s 569 params: {'random_state': 42, 'alpha': 0.11787686347935872}
3410.1s 570 val_score: 5.9551805070682375
3410.1s 571 params: {'random_state': 42, 'alpha': 0.19306977288832497}
3411.9s 572 val_score: 5.955001107735323
3411.9s 573 params: {'random_state': 42, 'alpha': 0.31622776601683794}
3413.8s 574 val_score: 5.95479394330272
3413.8s 575 params: {'random_state': 42, 'alpha': 0.517947467923121}
3415.5s 576 val_score: 5.954579209036327
3415.5s 577 params: {'random_state': 42, 'alpha': 0.8483428982440717}
3418.0s 578 val_score: 5.954378006025977
3418.0s 579 params: {'random_state': 42, 'alpha': 1.3894954943731375}
3419.9s 580 val_score: 5.954282532133176
3419.9s 581 params: {'random_state': 42, 'alpha': 2.2758459260747887}
3421.8s 582 val_score: 5.954441664812715
3421.8s 583 params: {'random_state': 42, 'alpha': 3.727593720314938}
3423.7s 584 val_score: 5.954811072777232
3423.7s 585 params: {'random_state': 42, 'alpha': 6.105402296585327}
3425.5s 586 val_score: 5.955417682843203
3425.5s 587 params: {'random_state': 42, 'alpha': 10.0}
3427.4s 588 val_score: 5.956117830913653
3427.4s 589 best model parameters for pattern 0:
3427.4s 590 [{'alpha': 1.3894954943731375, 'random_state': 42}]
3427.4s 591 corresponding validation score: 5.954282532133176
3430.0s 592 working on unique pattern 1
3437.9s 593 params: {'random_state': 42, 'alpha': 0.01}
3439.8s 594 val_score: 6.031345839189534
3439.8s 595 params: {'random_state': 42, 'alpha': 0.016378937069540637}
3441.7s 596 val_score: 6.031326843723979
3441.7s 597 params: {'random_state': 42, 'alpha': 0.02682695795279726}
3443.7s 598 val_score: 6.031301123934642
3443.7s 599 params: {'random_state': 42, 'alpha': 0.043939705607607904}
3445.6s 600 val_score: 6.031271386400916
3445.6s 601 params: {'random_state': 42, 'alpha': 0.07196856730011521}
3447.5s 602 val_score: 6.031241473720629
3447.5s 603 params: {'random_state': 42, 'alpha': 0.11787686347935872}
3450.1s 604 val_score: 6.0312156036368245
3450.1s 605 params: {'random_state': 42, 'alpha': 0.19306977288832497}
3452.0s 606 val_score: 6.031196396235718
3452.0s 607 params: {'random_state': 42, 'alpha': 0.31622776601683794}
3454.0s 608 val_score: 6.031184923415534
3454.0s 609 params: {'random_state': 42, 'alpha': 0.517947467923121}
3455.8s 610 val_score: 6.031179074453067
3455.8s 611 params: {'random_state': 42, 'alpha': 0.8483428982440717}
3457.7s 612 val_score: 6.031183214746158
3457.7s 613 params: {'random_state': 42, 'alpha': 1.3894954943731375}
3459.5s 614 val_score: 6.031204015487984
3459.5s 615 params: {'random_state': 42, 'alpha': 2.2758459260747887}
3461.5s 616 val_score: 6.031271632690925
3461.5s 617 params: {'random_state': 42, 'alpha': 3.727593720314938}
3463.3s 618 val_score: 6.0313832958255995
3463.3s 619 params: {'random_state': 42, 'alpha': 6.105402296585327}
3465.2s 620 val_score: 6.031555534671573
3465.2s 621 params: {'random_state': 42, 'alpha': 10.0}
3467.0s 622 val_score: 6.031727844541535
3467.0s 623 best model parameters for pattern 1:
3467.0s 624 [{'alpha': 0.517947467923121, 'random_state': 42}]
3467.0s 625 corresponding validation score: 6.031179074453067
3468.7s 626 working on unique pattern 2
3478.1s 627 params: {'random_state': 42, 'alpha': 0.01}
3482.8s 628 val_score: 6.662859118078028
3482.8s 629 params: {'random_state': 42, 'alpha': 0.016378937069540637}
3486.4s 630 val_score: 6.662839705143615
3486.4s 631 params: {'random_state': 42, 'alpha': 0.02682695795279726}
3490.1s 632 val_score: 6.662821773322588
3490.1s 633 params: {'random_state': 42, 'alpha': 0.043939705607607904}
3493.9s 634 val_score: 6.662805394535766
3493.9s 635 params: {'random_state': 42, 'alpha': 0.07196856730011521}
3497.5s 636 val_score: 6.662792879492332
3497.5s 637 params: {'random_state': 42, 'alpha': 0.11787686347935872}
3501.4s 638 val_score: 6.662783930365301
3501.4s 639 params: {'random_state': 42, 'alpha': 0.19306977288832497}
3505.0s 640 val_score: 6.662781556564581
3505.0s 641 params: {'random_state': 42, 'alpha': 0.31622776601683794}
3508.7s 642 val_score: 6.66278791165015
3508.7s 643 params: {'random_state': 42, 'alpha': 0.517947467923121}
3512.5s 644 val_score: 6.662806885718469
3512.5s 645 params: {'random_state': 42, 'alpha': 0.8483428982440717}
3516.3s 646 val_score: 6.662844733359488
3516.3s 647 params: {'random_state': 42, 'alpha': 1.3894954943731375}
3519.9s 648 val_score: 6.662911609020572
3519.9s 649 params: {'random_state': 42, 'alpha': 2.2758459260747887}
3523.5s 650 val_score: 6.663018479359353
3523.5s 651 params: {'random_state': 42, 'alpha': 3.727593720314938}
3527.2s 652 val_score: 6.663181822155853
3527.2s 653 params: {'random_state': 42, 'alpha': 6.105402296585327}
3530.6s 654 val_score: 6.663418499120017
3530.6s 655 params: {'random_state': 42, 'alpha': 10.0}
3534.3s 656 val_score: 6.663706653333468
3534.3s 657 best model parameters for pattern 2:
3534.3s 658 [{'alpha': 0.19306977288832497, 'random_state': 42}]
3534.3s 659 corresponding validation score: 6.662781556564581
3537.9s 660 test MAE: 6.7567880411914025
3537.9s 661 
3537.9s 662 Fold 3 Reduced Features:
3537.9s 663 Train index: [ 21010  21011  21012 ... 764741 764742 764743] Val index: [ 764744  764745  764746 ... 1023901 1023902 1023903]
3537.9s 664 Train size: 743734 Val size: 259160
3544.5s 665 Preparing datasets...
3612.7s 666 there are 3 unique missing value patterns.
3612.7s 667 working on unique pattern 0
3621.5s 668 params: {'random_state': 42, 'alpha': 0.01}
3623.1s 669 val_score: 6.010319646761938
3623.1s 670 params: {'random_state': 42, 'alpha': 0.016378937069540637}
3624.9s 671 val_score: 6.010230544074127
3624.9s 672 params: {'random_state': 42, 'alpha': 0.02682695795279726}
3626.7s 673 val_score: 6.010123901718655
3626.7s 674 params: {'random_state': 42, 'alpha': 0.043939705607607904}
3628.5s 675 val_score: 6.010004082733056
3628.5s 676 params: {'random_state': 42, 'alpha': 0.07196856730011521}
3630.4s 677 val_score: 6.009869768689775
3630.4s 678 params: {'random_state': 42, 'alpha': 0.11787686347935872}
3632.2s 679 val_score: 6.009712369990154
3632.2s 680 params: {'random_state': 42, 'alpha': 0.19306977288832497}
3634.2s 681 val_score: 6.0095288550310775
3634.2s 682 params: {'random_state': 42, 'alpha': 0.31622776601683794}
3636.0s 683 val_score: 6.009311087111004
3636.0s 684 params: {'random_state': 42, 'alpha': 0.517947467923121}
3637.8s 685 val_score: 6.009073705154139
3637.8s 686 params: {'random_state': 42, 'alpha': 0.8483428982440717}
3640.1s 687 val_score: 6.008856753659351
3640.1s 688 params: {'random_state': 42, 'alpha': 1.3894954943731375}
3641.9s 689 val_score: 6.008737192267628
3641.9s 690 params: {'random_state': 42, 'alpha': 2.2758459260747887}
3643.7s 691 val_score: 6.008780379316174
3643.7s 692 params: {'random_state': 42, 'alpha': 3.727593720314938}
3645.4s 693 val_score: 6.008891217441483
3645.4s 694 params: {'random_state': 42, 'alpha': 6.105402296585327}
3647.1s 695 val_score: 6.0089976178597855
3647.1s 696 params: {'random_state': 42, 'alpha': 10.0}
3648.8s 697 val_score: 6.008946695893216
3648.8s 698 best model parameters for pattern 0:
3648.8s 699 [{'alpha': 1.3894954943731375, 'random_state': 42}]
3648.8s 700 corresponding validation score: 6.008737192267628
3651.4s 701 working on unique pattern 1
3659.5s 702 params: {'random_state': 42, 'alpha': 0.01}
3661.5s 703 val_score: 6.088393983669741
3661.5s 704 params: {'random_state': 42, 'alpha': 0.016378937069540637}
3663.4s 705 val_score: 6.088382285683986
3663.4s 706 params: {'random_state': 42, 'alpha': 0.02682695795279726}
3665.2s 707 val_score: 6.0883663942839155
3665.2s 708 params: {'random_state': 42, 'alpha': 0.043939705607607904}
3667.1s 709 val_score: 6.088348270848737
3667.1s 710 params: {'random_state': 42, 'alpha': 0.07196856730011521}
3669.0s 711 val_score: 6.08833276080216
3669.0s 712 params: {'random_state': 42, 'alpha': 0.11787686347935872}
3671.7s 713 val_score: 6.088320367111593
3671.7s 714 params: {'random_state': 42, 'alpha': 0.19306977288832497}
3673.5s 715 val_score: 6.088307849109595
3673.5s 716 params: {'random_state': 42, 'alpha': 0.31622776601683794}
3675.3s 717 val_score: 6.08829398878932
3675.3s 718 params: {'random_state': 42, 'alpha': 0.517947467923121}
3677.0s 719 val_score: 6.0882748835330505
3677.0s 720 params: {'random_state': 42, 'alpha': 0.8483428982440717}
3678.9s 721 val_score: 6.088241024621928
3678.9s 722 params: {'random_state': 42, 'alpha': 1.3894954943731375}
3680.8s 723 val_score: 6.088178338505583
3680.8s 724 params: {'random_state': 42, 'alpha': 2.2758459260747887}
3682.8s 725 val_score: 6.088073667951125
3682.8s 726 params: {'random_state': 42, 'alpha': 3.727593720314938}
3684.8s 727 val_score: 6.087892635220759
3684.8s 728 params: {'random_state': 42, 'alpha': 6.105402296585327}
3686.6s 729 val_score: 6.087602447477333
3686.6s 730 params: {'random_state': 42, 'alpha': 10.0}
3688.4s 731 val_score: 6.087151437066052
3688.4s 732 best model parameters for pattern 1:
3688.4s 733 [{'alpha': 10.0, 'random_state': 42}]
3688.4s 734 corresponding validation score: 6.087151437066052
3690.3s 735 working on unique pattern 2
3700.0s 736 params: {'random_state': 42, 'alpha': 0.01}
3704.9s 737 val_score: 6.73335292720548
3704.9s 738 params: {'random_state': 42, 'alpha': 0.016378937069540637}
3708.6s 739 val_score: 6.73333130233711
3708.6s 740 params: {'random_state': 42, 'alpha': 0.02682695795279726}
3712.5s 741 val_score: 6.733307382765268
3712.5s 742 params: {'random_state': 42, 'alpha': 0.043939705607607904}
3716.3s 743 val_score: 6.733280456392225
3716.3s 744 params: {'random_state': 42, 'alpha': 0.07196856730011521}
3720.0s 745 val_score: 6.733249908700595
3720.0s 746 params: {'random_state': 42, 'alpha': 0.11787686347935872}
3723.8s 747 val_score: 6.733221560931556
3723.8s 748 params: {'random_state': 42, 'alpha': 0.19306977288832497}
3727.4s 749 val_score: 6.7331958186533845
3727.4s 750 params: {'random_state': 42, 'alpha': 0.31622776601683794}
3731.3s 751 val_score: 6.733176517855519
3731.3s 752 params: {'random_state': 42, 'alpha': 0.517947467923121}
3735.8s 753 val_score: 6.733166898609504
3735.8s 754 params: {'random_state': 42, 'alpha': 0.8483428982440717}
3739.6s 755 val_score: 6.733168184193058
3739.6s 756 params: {'random_state': 42, 'alpha': 1.3894954943731375}
3743.2s 757 val_score: 6.733182205848158
3743.2s 758 params: {'random_state': 42, 'alpha': 2.2758459260747887}
3746.9s 759 val_score: 6.7332209832594385
3746.9s 760 params: {'random_state': 42, 'alpha': 3.727593720314938}
3750.5s 761 val_score: 6.733300074884519
3750.5s 762 params: {'random_state': 42, 'alpha': 6.105402296585327}
3754.2s 763 val_score: 6.733433345915202
3754.2s 764 params: {'random_state': 42, 'alpha': 10.0}
3757.9s 765 val_score: 6.7336113861495495
3757.9s 766 best model parameters for pattern 2:
3757.9s 767 [{'alpha': 0.517947467923121, 'random_state': 42}]
3757.9s 768 corresponding validation score: 6.733166898609504
3761.8s 769 test MAE: 6.759876255041067
3761.8s 770 
3761.8s 771 Fold 4 Reduced Features:
3761.8s 772 Train index: [ 31515  31516  31517 ... 775521 775522 775523] Val index: [ 775524  775525  775526 ... 1034736 1034737 1034738]
3761.8s 773 Train size: 744009 Val size: 259215
3768.5s 774 Preparing datasets...
3836.2s 775 there are 3 unique missing value patterns.
3836.2s 776 working on unique pattern 0
3845.4s 777 params: {'random_state': 42, 'alpha': 0.01}
3847.1s 778 val_score: 6.198157847854114
3847.1s 779 params: {'random_state': 42, 'alpha': 0.016378937069540637}
3848.9s 780 val_score: 6.198048656709134
3848.9s 781 params: {'random_state': 42, 'alpha': 0.02682695795279726}
3850.8s 782 val_score: 6.197917474176455
3850.8s 783 params: {'random_state': 42, 'alpha': 0.043939705607607904}
3852.6s 784 val_score: 6.197763436160757
3852.6s 785 params: {'random_state': 42, 'alpha': 0.07196856730011521}
3854.5s 786 val_score: 6.19758424578009
3854.5s 787 params: {'random_state': 42, 'alpha': 0.11787686347935872}
3856.3s 788 val_score: 6.197377135081364
3856.3s 789 params: {'random_state': 42, 'alpha': 0.19306977288832497}
3858.3s 790 val_score: 6.197140073525943
3858.3s 791 params: {'random_state': 42, 'alpha': 0.31622776601683794}
3860.1s 792 val_score: 6.1968890906438165
3860.1s 793 params: {'random_state': 42, 'alpha': 0.517947467923121}
3862.3s 794 val_score: 6.196635419531141
3862.3s 795 params: {'random_state': 42, 'alpha': 0.8483428982440717}
3864.1s 796 val_score: 6.196426880840834
3864.1s 797 params: {'random_state': 42, 'alpha': 1.3894954943731375}
3866.0s 798 val_score: 6.196346031646109
3866.0s 799 params: {'random_state': 42, 'alpha': 2.2758459260747887}
3867.9s 800 val_score: 6.196566007531046
3867.9s 801 params: {'random_state': 42, 'alpha': 3.727593720314938}
3869.6s 802 val_score: 6.19704502443107
3869.6s 803 params: {'random_state': 42, 'alpha': 6.105402296585327}
3871.6s 804 val_score: 6.197736428980005
3871.6s 805 params: {'random_state': 42, 'alpha': 10.0}
3873.4s 806 val_score: 6.19850057391694
3873.4s 807 best model parameters for pattern 0:
3873.4s 808 [{'alpha': 1.3894954943731375, 'random_state': 42}]
3873.4s 809 corresponding validation score: 6.196346031646109
3876.0s 810 working on unique pattern 1
3884.2s 811 params: {'random_state': 42, 'alpha': 0.01}
3886.0s 812 val_score: 6.272070870109613
3886.0s 813 params: {'random_state': 42, 'alpha': 0.016378937069540637}
3887.8s 814 val_score: 6.272040196674436
3887.8s 815 params: {'random_state': 42, 'alpha': 0.02682695795279726}
3889.6s 816 val_score: 6.272001500960383
3889.6s 817 params: {'random_state': 42, 'alpha': 0.043939705607607904}
3891.5s 818 val_score: 6.271957771357018
3891.5s 819 params: {'random_state': 42, 'alpha': 0.07196856730011521}
3893.9s 820 val_score: 6.271915725821653
3893.9s 821 params: {'random_state': 42, 'alpha': 0.11787686347935872}
3895.8s 822 val_score: 6.27188268476937
3895.8s 823 params: {'random_state': 42, 'alpha': 0.19306977288832497}
3897.7s 824 val_score: 6.271863978506017
3897.7s 825 params: {'random_state': 42, 'alpha': 0.31622776601683794}
3899.6s 826 val_score: 6.27186370985544
3899.6s 827 params: {'random_state': 42, 'alpha': 0.517947467923121}
3901.6s 828 val_score: 6.271886875861643
3901.6s 829 params: {'random_state': 42, 'alpha': 0.8483428982440717}
3903.5s 830 val_score: 6.27193920104474
3903.5s 831 params: {'random_state': 42, 'alpha': 1.3894954943731375}
3905.3s 832 val_score: 6.272031537341409
3905.3s 833 params: {'random_state': 42, 'alpha': 2.2758459260747887}
3907.3s 834 val_score: 6.272188337272039
3907.3s 835 params: {'random_state': 42, 'alpha': 3.727593720314938}
3909.1s 836 val_score: 6.272417304253251
3909.1s 837 params: {'random_state': 42, 'alpha': 6.105402296585327}
3911.0s 838 val_score: 6.272703357342606
3911.0s 839 params: {'random_state': 42, 'alpha': 10.0}
3912.8s 840 val_score: 6.272987173375537
3912.8s 841 best model parameters for pattern 1:
3912.8s 842 [{'alpha': 0.31622776601683794, 'random_state': 42}]
3912.8s 843 corresponding validation score: 6.27186370985544
3914.7s 844 working on unique pattern 2
3925.0s 845 params: {'random_state': 42, 'alpha': 0.01}
3928.7s 846 val_score: 7.064129379017611
3928.7s 847 params: {'random_state': 42, 'alpha': 0.016378937069540637}
3932.7s 848 val_score: 7.064102177333718
3932.7s 849 params: {'random_state': 42, 'alpha': 0.02682695795279726}
3936.3s 850 val_score: 7.064075449144935
3936.3s 851 params: {'random_state': 42, 'alpha': 0.043939705607607904}
3940.0s 852 val_score: 7.06405152091794
3940.0s 853 params: {'random_state': 42, 'alpha': 0.07196856730011521}
3943.7s 854 val_score: 7.064033062271631
3943.7s 855 params: {'random_state': 42, 'alpha': 0.11787686347935872}
3947.4s 856 val_score: 7.064017835840497
3947.4s 857 params: {'random_state': 42, 'alpha': 0.19306977288832497}
3951.2s 858 val_score: 7.064009479619294
3951.2s 859 params: {'random_state': 42, 'alpha': 0.31622776601683794}
3955.0s 860 val_score: 7.06401337671439
3955.0s 861 params: {'random_state': 42, 'alpha': 0.517947467923121}
3958.9s 862 val_score: 7.064033748543244
3958.9s 863 params: {'random_state': 42, 'alpha': 0.8483428982440717}
3962.8s 864 val_score: 7.064078977527815
3962.8s 865 params: {'random_state': 42, 'alpha': 1.3894954943731375}
3966.4s 866 val_score: 7.064155542214003
3966.4s 867 params: {'random_state': 42, 'alpha': 2.2758459260747887}
3969.9s 868 val_score: 7.064277754457075
3969.9s 869 params: {'random_state': 42, 'alpha': 3.727593720314938}
3973.7s 870 val_score: 7.064468055877524
3973.7s 871 params: {'random_state': 42, 'alpha': 6.105402296585327}
3977.2s 872 val_score: 7.064737424059178
3977.2s 873 params: {'random_state': 42, 'alpha': 10.0}
3980.8s 874 val_score: 7.065059020182779
3980.8s 875 best model parameters for pattern 2:
3980.8s 876 [{'alpha': 0.19306977288832497, 'random_state': 42}]
3980.8s 877 corresponding validation score: 7.064009479619294
3984.3s 878 test MAE: 6.757298380341011
3984.3s 879 overall test mean: 6.757720479085643
3984.3s 880 overall test std: 0.001258666177864995
3984.3s 881 
3984.3s 882 Ridge reduced features model running time: 896.2735764980316
3988.0s 883 /opt/conda/lib/python3.10/site-packages/traitlets/traitlets.py:2930: FutureWarning: --Exporter.preprocessors=["remove_papermill_header.RemovePapermillHeader"] for containers is deprecated in traitlets 5.0. You can pass `--Exporter.preprocessors item` ... multiple times to add items to a list.
3988.0s 884 warn(
3988.0s 885 [NbConvertApp] WARNING | Config option `kernel_spec_manager_class` not recognized by `NbConvertApp`.
3988.0s 886 [NbConvertApp] Converting notebook __notebook__.ipynb to notebook
3988.6s 887 [NbConvertApp] Writing 72577 bytes to __notebook__.ipynb
3990.8s 888 /opt/conda/lib/python3.10/site-packages/traitlets/traitlets.py:2930: FutureWarning: --Exporter.preprocessors=["nbconvert.preprocessors.ExtractOutputPreprocessor"] for containers is deprecated in traitlets 5.0. You can pass `--Exporter.preprocessors item` ... multiple times to add items to a list.
3990.8s 889 warn(
3990.8s 890 [NbConvertApp] WARNING | Config option `kernel_spec_manager_class` not recognized by `NbConvertApp`.
3990.9s 891 [NbConvertApp] Converting notebook __notebook__.ipynb to html
3992.1s 892 [NbConvertApp] Writing 372721 bytes to __results__.html